2018-08-15 15:07:39,470||main|||||ERROR|POLICY-515E|This is a general error message during the process. Please check the error message for detail information| POLICY-515E ERROR: validation error(s) on parameters from "parameters/DistributionConfigParameters_InvalidPolicyDecoderClass.json"
parameter group "SDCDistributionGroup" type "org.onap.policy.distribution.main.parameters.DistributionParameterGroup" INVALID, parameter group has status INVALID
  parameter group map "receptionHandlerParameters" INVALID, parameter group has status INVALID
    parameter group "null_SDC" type "org.onap.policy.distribution.reception.parameters.ReceptionHandlerParameters" INVALID, parameter group has status INVALID
      parameter group "null_PluginHandler" type "org.onap.policy.distribution.reception.parameters.PluginHandlerParameters" INVALID, parameter group has status INVALID
        parameter group map "policyDecoders" INVALID, parameter group has status INVALID
          parameter group "null" type "org.onap.policy.distribution.reception.parameters.PolicyDecoderParameters" INVALID, parameter group has status INVALID
            field "decoderClassName" type "java.lang.String" value "org.onap.policy.distribution.reception.decoding.pdpx.PolicyDecoderApexPdpa" INVALID, policy decoder class not found in classpath
          parameter group "null" type "org.onap.policy.distribution.reception.parameters.PolicyDecoderParameters" INVALID, parameter group has status INVALID
            field "decoderClassName" type "java.lang.String" value "org.onap.policy.distribution.reception.decoding.pdpx.PolicyDecoderDroolsPdpd" INVALID, policy decoder class not found in classpath

2018-08-15 15:07:39,501||main|||||ERROR|POLICY-515E|This is a general error message during the process. Please check the error message for detail information| POLICY-515E ERROR: validation error(s) on parameters from "parameters/DistributionConfigParameters_InvalidReceptionHandlerClass.json"
parameter group "SDCDistributionGroup" type "org.onap.policy.distribution.main.parameters.DistributionParameterGroup" INVALID, parameter group has status INVALID
  parameter group map "receptionHandlerParameters" INVALID, parameter group has status INVALID
    parameter group "null_SDC" type "org.onap.policy.distribution.reception.parameters.ReceptionHandlerParameters" INVALID, parameter group has status INVALID
      field "receptionHandlerClassName" type "java.lang.String" value "org.onap.policy.distribution.reception.handling.sdc.InvalidSdcReceptionHandler" INVALID, reception handler class not found in classpath

2018-08-15 15:07:39,501||main|||||ERROR|POLICY-515E|This is a general error message during the process. Please check the error message for detail information| POLICY-515E ERROR: no parameters found in "parameters/EmptyParameters.json"
2018-08-15 15:07:39,517||main|||||ERROR|POLICY-515E|This is a general error message during the process. Please check the error message for detail information| POLICY-515E ERROR: validation error(s) on parameters from "parameters/DistributionConfigParameters_InvalidName.json"
parameter group " " type "org.onap.policy.distribution.main.parameters.DistributionParameterGroup" INVALID, parameter group has status INVALID
  field "name" type "java.lang.String" value " " INVALID, must be a non-blank string

2018-08-15 15:07:39,532||main|||||ERROR|POLICY-519E|This is an Unknown Error. Please check the error message for detail information| POLICY-519E ERROR: error reading parameters from "parameters/InvalidParameters.json"
(JsonSyntaxException):java.lang.IllegalStateException: Expected a string but was BEGIN_ARRAY at line 2 column 15 path $.name:com.google.gson.JsonSyntaxException: java.lang.IllegalStateException: Expected a string but was BEGIN_ARRAY at line 2 column 15 path $.name - 	at com.google.gson.internal.bind.ReflectiveTypeAdapterFactory$Adapter.read(ReflectiveTypeAdapterFactory.java:226) - 	at com.google.gson.Gson.fromJson(Gson.java:922) - 	at com.google.gson.Gson.fromJson(Gson.java:860) - 	at org.onap.policy.distribution.main.parameters.DistributionParameterHandler.getParameters(DistributionParameterHandler.java:55) - 	at org.onap.policy.distribution.main.parameters.TestDistributionParameterHandler.testParameterHandlerInvalidParameters(TestDistributionParameterHandler.java:92) - 	at sun.reflect.NativeMethodAccessorImpl.invoke0(Native Method) - 	at sun.reflect.NativeMethodAccessorImpl.invoke(NativeMethodAccessorImpl.java:62) - 	at sun.reflect.DelegatingMethodAccessorImpl.invoke(DelegatingMethodAccessorImpl.java:43) - 	at java.lang.reflect.Method.invoke(Method.java:498) - 	at org.junit.runners.model.FrameworkMethod$1.runReflectiveCall(FrameworkMethod.java:50) - 	at org.junit.internal.runners.model.ReflectiveCallable.run(ReflectiveCallable.java:12) - 	at org.junit.runners.model.FrameworkMethod.invokeExplosively(FrameworkMethod.java:47) - 	at org.junit.internal.runners.statements.InvokeMethod.evaluate(InvokeMethod.java:17) - 	at org.junit.runners.ParentRunner.runLeaf(ParentRunner.java:325) - 	at org.junit.runners.BlockJUnit4ClassRunner.runChild(BlockJUnit4ClassRunner.java:78) - 	at org.junit.runners.BlockJUnit4ClassRunner.runChild(BlockJUnit4ClassRunner.java:57) - 	at org.junit.runners.ParentRunner$3.run(ParentRunner.java:290) - 	at org.junit.runners.ParentRunner$1.schedule(ParentRunner.java:71) - 	at org.junit.runners.ParentRunner.runChildren(ParentRunner.java:288) - 	at org.junit.runners.ParentRunner.access$000(ParentRunner.java:58) - 	at org.junit.runners.ParentRunner$2.evaluate(ParentRunner.java:268) - 	at org.junit.runners.ParentRunner.run(ParentRunner.java:363) - 	at org.apache.maven.surefire.junit4.JUnit4Provider.execute(JUnit4Provider.java:367) - 	at org.apache.maven.surefire.junit4.JUnit4Provider.executeWithRerun(JUnit4Provider.java:274) - 	at org.apache.maven.surefire.junit4.JUnit4Provider.executeTestSet(JUnit4Provider.java:238) - 	at org.apache.maven.surefire.junit4.JUnit4Provider.invoke(JUnit4Provider.java:161) - 	at org.apache.maven.surefire.booter.ForkedBooter.invokeProviderInSameClassLoader(ForkedBooter.java:290) - 	at org.apache.maven.surefire.booter.ForkedBooter.runSuitesInProcess(ForkedBooter.java:242) - 	at org.apache.maven.surefire.booter.ForkedBooter.main(ForkedBooter.java:121) - Caused by: java.lang.IllegalStateException: Expected a string but was BEGIN_ARRAY at line 2 column 15 path $.name - 	at com.google.gson.stream.JsonReader.nextString(JsonReader.java:825) - 	at com.google.gson.internal.bind.TypeAdapters$16.read(TypeAdapters.java:402) - 	at com.google.gson.internal.bind.TypeAdapters$16.read(TypeAdapters.java:390) - 	at com.google.gson.internal.bind.ReflectiveTypeAdapterFactory$1.read(ReflectiveTypeAdapterFactory.java:131) - 	at com.google.gson.internal.bind.ReflectiveTypeAdapterFactory$Adapter.read(ReflectiveTypeAdapterFactory.java:222) - 	... 28 more - 
2018-08-15 15:07:39,532||main|||||ERROR|POLICY-515E|This is a general error message during the process. Please check the error message for detail information| POLICY-515E ERROR: validation error(s) on parameters from "parameters/DistributionConfigParameters_InvalidPolicyForwarderType.json"
parameter group "SDCDistributionGroup" type "org.onap.policy.distribution.main.parameters.DistributionParameterGroup" INVALID, parameter group has status INVALID
  parameter group map "receptionHandlerParameters" INVALID, parameter group has status INVALID
    parameter group "null_SDC" type "org.onap.policy.distribution.reception.parameters.ReceptionHandlerParameters" INVALID, parameter group has status INVALID
      parameter group "null_PluginHandler" type "org.onap.policy.distribution.reception.parameters.PluginHandlerParameters" INVALID, parameter group has status INVALID
        parameter group map "policyForwarders" INVALID, parameter group has status INVALID
          parameter group "null" type "org.onap.policy.distribution.forwarding.parameters.PolicyForwarderParameters" INVALID, parameter group has status INVALID
            field "forwarderType" type "java.lang.String" value " " INVALID, must be a non-blank string

2018-08-15 15:07:39,548||main|||||ERROR|POLICY-515E|This is a general error message during the process. Please check the error message for detail information| POLICY-515E ERROR: validation error(s) on parameters from "parameters/DistributionConfigParameters_InvalidReceptionHandlerType.json"
parameter group "SDCDistributionGroup" type "org.onap.policy.distribution.main.parameters.DistributionParameterGroup" INVALID, parameter group has status INVALID
  parameter group map "receptionHandlerParameters" INVALID, parameter group has status INVALID
    parameter group "null_ " type "org.onap.policy.distribution.reception.parameters.ReceptionHandlerParameters" INVALID, parameter group has status INVALID
      field "receptionHandlerType" type "java.lang.String" value " " INVALID, must be a non-blank string

2018-08-15 15:07:39,548||main|||||ERROR|POLICY-519E|This is an Unknown Error. Please check the error message for detail information| POLICY-519E ERROR: error reading parameters from "parameters/NoParameterFile.json"
(FileNotFoundException):parameters\NoParameterFile.json (The system cannot find the path specified):java.io.FileNotFoundException: parameters\NoParameterFile.json (The system cannot find the path specified) - 	at java.io.FileInputStream.open0(Native Method) - 	at java.io.FileInputStream.open(FileInputStream.java:195) - 	at java.io.FileInputStream.<init>(FileInputStream.java:138) - 	at java.io.FileInputStream.<init>(FileInputStream.java:93) - 	at java.io.FileReader.<init>(FileReader.java:58) - 	at org.onap.policy.distribution.main.parameters.DistributionParameterHandler.getParameters(DistributionParameterHandler.java:55) - 	at org.onap.policy.distribution.main.parameters.TestDistributionParameterHandler.testParameterHandlerNoParameterFile(TestDistributionParameterHandler.java:45) - 	at sun.reflect.NativeMethodAccessorImpl.invoke0(Native Method) - 	at sun.reflect.NativeMethodAccessorImpl.invoke(NativeMethodAccessorImpl.java:62) - 	at sun.reflect.DelegatingMethodAccessorImpl.invoke(DelegatingMethodAccessorImpl.java:43) - 	at java.lang.reflect.Method.invoke(Method.java:498) - 	at org.junit.runners.model.FrameworkMethod$1.runReflectiveCall(FrameworkMethod.java:50) - 	at org.junit.internal.runners.model.ReflectiveCallable.run(ReflectiveCallable.java:12) - 	at org.junit.runners.model.FrameworkMethod.invokeExplosively(FrameworkMethod.java:47) - 	at org.junit.internal.runners.statements.InvokeMethod.evaluate(InvokeMethod.java:17) - 	at org.junit.runners.ParentRunner.runLeaf(ParentRunner.java:325) - 	at org.junit.runners.BlockJUnit4ClassRunner.runChild(BlockJUnit4ClassRunner.java:78) - 	at org.junit.runners.BlockJUnit4ClassRunner.runChild(BlockJUnit4ClassRunner.java:57) - 	at org.junit.runners.ParentRunner$3.run(ParentRunner.java:290) - 	at org.junit.runners.ParentRunner$1.schedule(ParentRunner.java:71) - 	at org.junit.runners.ParentRunner.runChildren(ParentRunner.java:288) - 	at org.junit.runners.ParentRunner.access$000(ParentRunner.java:58) - 	at org.junit.runners.ParentRunner$2.evaluate(ParentRunner.java:268) - 	at org.junit.runners.ParentRunner.run(ParentRunner.java:363) - 	at org.apache.maven.surefire.junit4.JUnit4Provider.execute(JUnit4Provider.java:367) - 	at org.apache.maven.surefire.junit4.JUnit4Provider.executeWithRerun(JUnit4Provider.java:274) - 	at org.apache.maven.surefire.junit4.JUnit4Provider.executeTestSet(JUnit4Provider.java:238) - 	at org.apache.maven.surefire.junit4.JUnit4Provider.invoke(JUnit4Provider.java:161) - 	at org.apache.maven.surefire.booter.ForkedBooter.invokeProviderInSameClassLoader(ForkedBooter.java:290) - 	at org.apache.maven.surefire.booter.ForkedBooter.runSuitesInProcess(ForkedBooter.java:242) - 	at org.apache.maven.surefire.booter.ForkedBooter.main(ForkedBooter.java:121) - 
2018-08-15 15:07:39,564||main|||||ERROR|POLICY-515E|This is a general error message during the process. Please check the error message for detail information| POLICY-515E ERROR: validation error(s) on parameters from "parameters/DistributionConfigParameters_InvalidPolicyForwarderClass.json"
parameter group "SDCDistributionGroup" type "org.onap.policy.distribution.main.parameters.DistributionParameterGroup" INVALID, parameter group has status INVALID
  parameter group map "receptionHandlerParameters" INVALID, parameter group has status INVALID
    parameter group "null_SDC" type "org.onap.policy.distribution.reception.parameters.ReceptionHandlerParameters" INVALID, parameter group has status INVALID
      parameter group "null_PluginHandler" type "org.onap.policy.distribution.reception.parameters.PluginHandlerParameters" INVALID, parameter group has status INVALID
        parameter group map "policyForwarders" INVALID, parameter group has status INVALID
          parameter group "null" type "org.onap.policy.distribution.forwarding.parameters.PolicyForwarderParameters" INVALID, parameter group has status INVALID
            field "forwarderClassName" type "java.lang.String" value "org.onap.policy.distribution.forwarding.pap.engine.PapStandalonePolicyForwarder" INVALID, policy forwarder class not found in classpath

2018-08-15 15:07:39,564||main|||||ERROR|POLICY-519E|This is an Unknown Error. Please check the error message for detail information| POLICY-519E ERROR: error reading parameters from "parameters/BadParameters.json"
(JsonSyntaxException):java.lang.IllegalStateException: Expected a string but was BEGIN_ARRAY at line 2 column 15 path $.name:com.google.gson.JsonSyntaxException: java.lang.IllegalStateException: Expected a string but was BEGIN_ARRAY at line 2 column 15 path $.name - 	at com.google.gson.internal.bind.ReflectiveTypeAdapterFactory$Adapter.read(ReflectiveTypeAdapterFactory.java:226) - 	at com.google.gson.Gson.fromJson(Gson.java:922) - 	at com.google.gson.Gson.fromJson(Gson.java:860) - 	at org.onap.policy.distribution.main.parameters.DistributionParameterHandler.getParameters(DistributionParameterHandler.java:55) - 	at org.onap.policy.distribution.main.parameters.TestDistributionParameterHandler.testParameterHandlerBadParameters(TestDistributionParameterHandler.java:75) - 	at sun.reflect.NativeMethodAccessorImpl.invoke0(Native Method) - 	at sun.reflect.NativeMethodAccessorImpl.invoke(NativeMethodAccessorImpl.java:62) - 	at sun.reflect.DelegatingMethodAccessorImpl.invoke(DelegatingMethodAccessorImpl.java:43) - 	at java.lang.reflect.Method.invoke(Method.java:498) - 	at org.junit.runners.model.FrameworkMethod$1.runReflectiveCall(FrameworkMethod.java:50) - 	at org.junit.internal.runners.model.ReflectiveCallable.run(ReflectiveCallable.java:12) - 	at org.junit.runners.model.FrameworkMethod.invokeExplosively(FrameworkMethod.java:47) - 	at org.junit.internal.runners.statements.InvokeMethod.evaluate(InvokeMethod.java:17) - 	at org.junit.runners.ParentRunner.runLeaf(ParentRunner.java:325) - 	at org.junit.runners.BlockJUnit4ClassRunner.runChild(BlockJUnit4ClassRunner.java:78) - 	at org.junit.runners.BlockJUnit4ClassRunner.runChild(BlockJUnit4ClassRunner.java:57) - 	at org.junit.runners.ParentRunner$3.run(ParentRunner.java:290) - 	at org.junit.runners.ParentRunner$1.schedule(ParentRunner.java:71) - 	at org.junit.runners.ParentRunner.runChildren(ParentRunner.java:288) - 	at org.junit.runners.ParentRunner.access$000(ParentRunner.java:58) - 	at org.junit.runners.ParentRunner$2.evaluate(ParentRunner.java:268) - 	at org.junit.runners.ParentRunner.run(ParentRunner.java:363) - 	at org.apache.maven.surefire.junit4.JUnit4Provider.execute(JUnit4Provider.java:367) - 	at org.apache.maven.surefire.junit4.JUnit4Provider.executeWithRerun(JUnit4Provider.java:274) - 	at org.apache.maven.surefire.junit4.JUnit4Provider.executeTestSet(JUnit4Provider.java:238) - 	at org.apache.maven.surefire.junit4.JUnit4Provider.invoke(JUnit4Provider.java:161) - 	at org.apache.maven.surefire.booter.ForkedBooter.invokeProviderInSameClassLoader(ForkedBooter.java:290) - 	at org.apache.maven.surefire.booter.ForkedBooter.runSuitesInProcess(ForkedBooter.java:242) - 	at org.apache.maven.surefire.booter.ForkedBooter.main(ForkedBooter.java:121) - Caused by: java.lang.IllegalStateException: Expected a string but was BEGIN_ARRAY at line 2 column 15 path $.name - 	at com.google.gson.stream.JsonReader.nextString(JsonReader.java:825) - 	at com.google.gson.internal.bind.TypeAdapters$16.read(TypeAdapters.java:402) - 	at com.google.gson.internal.bind.TypeAdapters$16.read(TypeAdapters.java:390) - 	at com.google.gson.internal.bind.ReflectiveTypeAdapterFactory$1.read(ReflectiveTypeAdapterFactory.java:131) - 	at com.google.gson.internal.bind.ReflectiveTypeAdapterFactory$Adapter.read(ReflectiveTypeAdapterFactory.java:222) - 	... 28 more - 
2018-08-15 15:07:39,564||main|||||ERROR|POLICY-515E|This is a general error message during the process. Please check the error message for detail information| POLICY-515E ERROR: validation error(s) on parameters from "parameters/DistributionConfigParameters_InvalidPolicyDecoderType.json"
parameter group "SDCDistributionGroup" type "org.onap.policy.distribution.main.parameters.DistributionParameterGroup" INVALID, parameter group has status INVALID
  parameter group map "receptionHandlerParameters" INVALID, parameter group has status INVALID
    parameter group "null_SDC" type "org.onap.policy.distribution.reception.parameters.ReceptionHandlerParameters" INVALID, parameter group has status INVALID
      parameter group "null_PluginHandler" type "org.onap.policy.distribution.reception.parameters.PluginHandlerParameters" INVALID, parameter group has status INVALID
        parameter group map "policyDecoders" INVALID, parameter group has status INVALID
          parameter group "null" type "org.onap.policy.distribution.reception.parameters.PolicyDecoderParameters" INVALID, parameter group has status INVALID
            field "decoderType" type "java.lang.String" value " " INVALID, must be a non-blank string

2018-08-15 15:07:39,722||main|||||ERROR|POLICY-515E|This is a general error message during the process. Please check the error message for detail information| POLICY-515E ERROR: validation error(s) on parameters from "parameters/DistributionConfigParameters_InvalidName.json"
parameter group " " type "org.onap.policy.distribution.main.parameters.DistributionParameterGroup" INVALID, parameter group has status INVALID
  field "name" type "java.lang.String" value " " INVALID, must be a non-blank string

2018-08-15 15:07:39,722||main|||||ERROR|POLICY-519E|This is an Unknown Error. Please check the error message for detail information| POLICY-519E ERROR: start of policy distribution service failed:org.onap.policy.distribution.main.PolicyDistributionException: validation error(s) on parameters from "parameters/DistributionConfigParameters_InvalidName.json" - parameter group " " type "org.onap.policy.distribution.main.parameters.DistributionParameterGroup" INVALID, parameter group has status INVALID -   field "name" type "java.lang.String" value " " INVALID, must be a non-blank string -  - 	at org.onap.policy.distribution.main.parameters.DistributionParameterHandler.getParameters(DistributionParameterHandler.java:79) - 	at org.onap.policy.distribution.main.startstop.Main.<init>(Main.java:73) - 	at org.onap.policy.distribution.main.startstop.TestMain.testMain_InvalidParameters(TestMain.java:70) - 	at sun.reflect.NativeMethodAccessorImpl.invoke0(Native Method) - 	at sun.reflect.NativeMethodAccessorImpl.invoke(NativeMethodAccessorImpl.java:62) - 	at sun.reflect.DelegatingMethodAccessorImpl.invoke(DelegatingMethodAccessorImpl.java:43) - 	at java.lang.reflect.Method.invoke(Method.java:498) - 	at org.junit.runners.model.FrameworkMethod$1.runReflectiveCall(FrameworkMethod.java:50) - 	at org.junit.internal.runners.model.ReflectiveCallable.run(ReflectiveCallable.java:12) - 	at org.junit.runners.model.FrameworkMethod.invokeExplosively(FrameworkMethod.java:47) - 	at org.junit.internal.runners.statements.InvokeMethod.evaluate(InvokeMethod.java:17) - 	at org.junit.runners.ParentRunner.runLeaf(ParentRunner.java:325) - 	at org.junit.runners.BlockJUnit4ClassRunner.runChild(BlockJUnit4ClassRunner.java:78) - 	at org.junit.runners.BlockJUnit4ClassRunner.runChild(BlockJUnit4ClassRunner.java:57) - 	at org.junit.runners.ParentRunner$3.run(ParentRunner.java:290) - 	at org.junit.runners.ParentRunner$1.schedule(ParentRunner.java:71) - 	at org.junit.runners.ParentRunner.runChildren(ParentRunner.java:288) - 	at org.junit.runners.ParentRunner.access$000(ParentRunner.java:58) - 	at org.junit.runners.ParentRunner$2.evaluate(ParentRunner.java:268) - 	at org.junit.runners.ParentRunner.run(ParentRunner.java:363) - 	at org.apache.maven.surefire.junit4.JUnit4Provider.execute(JUnit4Provider.java:367) - 	at org.apache.maven.surefire.junit4.JUnit4Provider.executeWithRerun(JUnit4Provider.java:274) - 	at org.apache.maven.surefire.junit4.JUnit4Provider.executeTestSet(JUnit4Provider.java:238) - 	at org.apache.maven.surefire.junit4.JUnit4Provider.invoke(JUnit4Provider.java:161) - 	at org.apache.maven.surefire.booter.ForkedBooter.invokeProviderInSameClassLoader(ForkedBooter.java:290) - 	at org.apache.maven.surefire.booter.ForkedBooter.runSuitesInProcess(ForkedBooter.java:242) - 	at org.apache.maven.surefire.booter.ForkedBooter.main(ForkedBooter.java:121) - 
2018-08-15 15:07:39,753||main|||||ERROR|POLICY-519E|This is an Unknown Error. Please check the error message for detail information| POLICY-519E ERROR: start of policy distribution service failed:org.onap.policy.distribution.main.PolicyDistributionException: too many command line arguments specified : [parameters/DistributionConfigParameters.json] - 	at org.onap.policy.distribution.main.startstop.DistributionCommandLineArguments.parse(DistributionCommandLineArguments.java:120) - 	at org.onap.policy.distribution.main.startstop.Main.<init>(Main.java:58) - 	at org.onap.policy.distribution.main.startstop.TestMain.testMain_InvalidArguments(TestMain.java:56) - 	at sun.reflect.NativeMethodAccessorImpl.invoke0(Native Method) - 	at sun.reflect.NativeMethodAccessorImpl.invoke(NativeMethodAccessorImpl.java:62) - 	at sun.reflect.DelegatingMethodAccessorImpl.invoke(DelegatingMethodAccessorImpl.java:43) - 	at java.lang.reflect.Method.invoke(Method.java:498) - 	at org.junit.runners.model.FrameworkMethod$1.runReflectiveCall(FrameworkMethod.java:50) - 	at org.junit.internal.runners.model.ReflectiveCallable.run(ReflectiveCallable.java:12) - 	at org.junit.runners.model.FrameworkMethod.invokeExplosively(FrameworkMethod.java:47) - 	at org.junit.internal.runners.statements.InvokeMethod.evaluate(InvokeMethod.java:17) - 	at org.junit.runners.ParentRunner.runLeaf(ParentRunner.java:325) - 	at org.junit.runners.BlockJUnit4ClassRunner.runChild(BlockJUnit4ClassRunner.java:78) - 	at org.junit.runners.BlockJUnit4ClassRunner.runChild(BlockJUnit4ClassRunner.java:57) - 	at org.junit.runners.ParentRunner$3.run(ParentRunner.java:290) - 	at org.junit.runners.ParentRunner$1.schedule(ParentRunner.java:71) - 	at org.junit.runners.ParentRunner.runChildren(ParentRunner.java:288) - 	at org.junit.runners.ParentRunner.access$000(ParentRunner.java:58) - 	at org.junit.runners.ParentRunner$2.evaluate(ParentRunner.java:268) - 	at org.junit.runners.ParentRunner.run(ParentRunner.java:363) - 	at org.apache.maven.surefire.junit4.JUnit4Provider.execute(JUnit4Provider.java:367) - 	at org.apache.maven.surefire.junit4.JUnit4Provider.executeWithRerun(JUnit4Provider.java:274) - 	at org.apache.maven.surefire.junit4.JUnit4Provider.executeTestSet(JUnit4Provider.java:238) - 	at org.apache.maven.surefire.junit4.JUnit4Provider.invoke(JUnit4Provider.java:161) - 	at org.apache.maven.surefire.booter.ForkedBooter.invokeProviderInSameClassLoader(ForkedBooter.java:290) - 	at org.apache.maven.surefire.booter.ForkedBooter.runSuitesInProcess(ForkedBooter.java:242) - 	at org.apache.maven.surefire.booter.ForkedBooter.main(ForkedBooter.java:121) - 
2018-08-15 15:07:39,768||main|||||ERROR|POLICY-519E|This is an Unknown Error. Please check the error message for detail information| POLICY-519E ERROR: start of policy distribution service failed:org.onap.policy.distribution.main.PolicyDistributionException: policy distribution configuration file was not specified as an argument - 	at org.onap.policy.distribution.main.startstop.DistributionCommandLineArguments.validateReadableFile(DistributionCommandLineArguments.java:223) - 	at org.onap.policy.distribution.main.startstop.DistributionCommandLineArguments.validate(DistributionCommandLineArguments.java:148) - 	at org.onap.policy.distribution.main.startstop.Main.<init>(Main.java:65) - 	at org.onap.policy.distribution.main.startstop.TestMain.testMain_NoArguments(TestMain.java:49) - 	at sun.reflect.NativeMethodAccessorImpl.invoke0(Native Method) - 	at sun.reflect.NativeMethodAccessorImpl.invoke(NativeMethodAccessorImpl.java:62) - 	at sun.reflect.DelegatingMethodAccessorImpl.invoke(DelegatingMethodAccessorImpl.java:43) - 	at java.lang.reflect.Method.invoke(Method.java:498) - 	at org.junit.runners.model.FrameworkMethod$1.runReflectiveCall(FrameworkMethod.java:50) - 	at org.junit.internal.runners.model.ReflectiveCallable.run(ReflectiveCallable.java:12) - 	at org.junit.runners.model.FrameworkMethod.invokeExplosively(FrameworkMethod.java:47) - 	at org.junit.internal.runners.statements.InvokeMethod.evaluate(InvokeMethod.java:17) - 	at org.junit.runners.ParentRunner.runLeaf(ParentRunner.java:325) - 	at org.junit.runners.BlockJUnit4ClassRunner.runChild(BlockJUnit4ClassRunner.java:78) - 	at org.junit.runners.BlockJUnit4ClassRunner.runChild(BlockJUnit4ClassRunner.java:57) - 	at org.junit.runners.ParentRunner$3.run(ParentRunner.java:290) - 	at org.junit.runners.ParentRunner$1.schedule(ParentRunner.java:71) - 	at org.junit.runners.ParentRunner.runChildren(ParentRunner.java:288) - 	at org.junit.runners.ParentRunner.access$000(ParentRunner.java:58) - 	at org.junit.runners.ParentRunner$2.evaluate(ParentRunner.java:268) - 	at org.junit.runners.ParentRunner.run(ParentRunner.java:363) - 	at org.apache.maven.surefire.junit4.JUnit4Provider.execute(JUnit4Provider.java:367) - 	at org.apache.maven.surefire.junit4.JUnit4Provider.executeWithRerun(JUnit4Provider.java:274) - 	at org.apache.maven.surefire.junit4.JUnit4Provider.executeTestSet(JUnit4Provider.java:238) - 	at org.apache.maven.surefire.junit4.JUnit4Provider.invoke(JUnit4Provider.java:161) - 	at org.apache.maven.surefire.booter.ForkedBooter.invokeProviderInSameClassLoader(ForkedBooter.java:290) - 	at org.apache.maven.surefire.booter.ForkedBooter.runSuitesInProcess(ForkedBooter.java:242) - 	at org.apache.maven.surefire.booter.ForkedBooter.main(ForkedBooter.java:121) - 
